<?xml version="1.0" encoding="UTF-8"?>
<!-- Generated by org.testng.reporters.JUnitReportReporter -->
<testsuite name="demonewtours_001_11_14_17.DragAndDrop" tests="1" time="34.358" ignored="0" failures="0" timestamp="30 Nov 2017 01:52:35 GMT" skipped="0" hostname="LAPTOP-MGD3483O" errors="0">
  <testcase name="mainTest" time="34.358" classname="demonewtours_001_11_14_17.DragAndDrop"/>
</testsuite> <!-- demonewtours_001_11_14_17.DragAndDrop -->
