<?xml version="1.0" encoding="UTF-8"?>
<!-- Generated by org.testng.reporters.JUnitReportReporter -->
<testsuite name="demonewtours_001_11_14_17.WebTable" tests="1" time="14.037" ignored="0" failures="0" timestamp="03 Dec 2017 23:27:02 GMT" skipped="0" hostname="LAPTOP-MGD3483O" errors="0">
  <testcase name="test" time="14.037" classname="demonewtours_001_11_14_17.WebTable"/>
</testsuite> <!-- demonewtours_001_11_14_17.WebTable -->
