<?xml version="1.0" encoding="UTF-8"?>
<!-- Generated by org.testng.reporters.JUnitReportReporter -->
<testsuite name="demonewtours_001_11_14_17.WebTableOne" tests="1" time="13.580" ignored="0" failures="0" timestamp="04 Dec 2017 01:31:17 GMT" skipped="0" hostname="LAPTOP-MGD3483O" errors="0">
  <testcase name="test" time="13.580" classname="demonewtours_001_11_14_17.WebTableOne"/>
</testsuite> <!-- demonewtours_001_11_14_17.WebTableOne -->
