<?xml version="1.0" encoding="UTF-8"?>
<!-- Generated by org.testng.reporters.JUnitReportReporter -->
<testsuite name="demonewtours_001_11_14_17.Tooltip" tests="1" time="6.928" ignored="0" failures="0" timestamp="30 Nov 2017 23:42:33 GMT" skipped="0" hostname="LAPTOP-MGD3483O" errors="0">
  <testcase name="mainTest" time="6.928" classname="demonewtours_001_11_14_17.Tooltip"/>
</testsuite> <!-- demonewtours_001_11_14_17.Tooltip -->
