<?xml version="1.0" encoding="UTF-8"?>
<!-- Generated by org.testng.reporters.JUnitReportReporter -->
<testsuite name="demonewtours_001_11_14_17.DisableInfobars" tests="1" time="6.702" ignored="0" failures="0" timestamp="01 Dec 2017 00:22:01 GMT" skipped="0" hostname="LAPTOP-MGD3483O" errors="0">
  <testcase name="test" time="6.702" classname="demonewtours_001_11_14_17.DisableInfobars"/>
</testsuite> <!-- demonewtours_001_11_14_17.DisableInfobars -->
