<?xml version="1.0" encoding="UTF-8"?>
<!-- Generated by org.testng.reporters.JUnitReportReporter -->
<testsuite name="demonewtours_001_11_14_17.MouseHoverOne$Tooltip" tests="1" time="7.906" ignored="0" failures="0" timestamp="01 Dec 2017 00:07:00 GMT" skipped="0" hostname="LAPTOP-MGD3483O" errors="0">
  <testcase name="mainTest" time="7.906" classname="demonewtours_001_11_14_17.MouseHoverOne$Tooltip"/>
</testsuite> <!-- demonewtours_001_11_14_17.MouseHoverOne$Tooltip -->
